TN:
SF:src/canvas.ts
FN:25,getAssignment
FNF:1
FNH:1
FNDA:2,getAssignment
DA:3,1
DA:25,2
DA:26,2
DA:27,2
DA:28,2
DA:29,2
DA:30,2
DA:31,2
DA:32,2
DA:33,2
DA:34,2
DA:35,2
DA:36,0
DA:37,0
DA:38,0
DA:39,2
LF:16
LH:13
BRDA:25,0,0,2
BRDA:35,1,0,0
BRF:2
BRH:1
end_of_record
TN:
SF:src/config.ts
FN:3,csvToArray
FN:13,isValidUrl
FN:22,num
FN:27,bool
FN:36,redact
FN:78,__vite_ssr_import_0__.z.object.CANVAS_BASE_URL.__vite_ssr_import_0__.z.string.optional.refine.message
FN:140,getSanitizedCanvasToken
FN:148,validateConfig
FNF:8
FNH:6
FNDA:13,csvToArray
FNDA:0,isValidUrl
FNDA:39,num
FNDA:13,bool
FNDA:0,redact
FNDA:13,__vite_ssr_import_0__.z.object.CANVAS_BASE_URL.__vite_ssr_import_0__.z.string.optional.refine.message
FNDA:94,getSanitizedCanvasToken
FNDA:12,validateConfig
DA:1,1
DA:3,1
DA:4,13
DA:5,13
DA:6,13
DA:7,0
DA:8,0
DA:9,0
DA:10,0
DA:11,0
DA:13,1
DA:14,0
DA:15,0
DA:16,0
DA:17,0
DA:18,0
DA:19,0
DA:20,0
DA:22,39
DA:23,39
DA:24,39
DA:25,39
DA:27,13
DA:28,13
DA:29,0
DA:30,0
DA:31,0
DA:32,0
DA:33,0
DA:36,1
DA:37,0
DA:38,0
DA:39,0
DA:40,0
DA:41,0
DA:47,1
DA:49,1
DA:51,1
DA:52,1
DA:54,1
DA:55,1
DA:56,1
DA:57,1
DA:58,1
DA:59,1
DA:60,1
DA:61,1
DA:62,13
DA:63,13
DA:64,13
DA:65,0
DA:66,13
DA:67,0
DA:68,0
DA:69,0
DA:70,1
DA:71,1
DA:72,1
DA:73,1
DA:74,1
DA:75,1
DA:76,1
DA:77,1
DA:78,1
DA:79,1
DA:80,1
DA:81,1
DA:82,1
DA:83,1
DA:84,1
DA:85,1
DA:87,1
DA:88,1
DA:89,1
DA:91,1
DA:92,1
DA:93,1
DA:94,1
DA:95,1
DA:97,1
DA:99,1
DA:100,0
DA:101,0
DA:102,0
DA:104,1
DA:110,1
DA:111,1
DA:112,1
DA:113,1
DA:114,1
DA:115,1
DA:116,1
DA:117,1
DA:118,1
DA:119,1
DA:120,1
DA:122,1
DA:123,1
DA:124,1
DA:126,1
DA:127,1
DA:129,1
DA:130,1
DA:140,1
DA:141,94
DA:142,94
DA:148,1
DA:149,12
DA:150,12
DA:151,0
DA:152,0
DA:153,12
DA:154,12
LF:113
LH:82
BRDA:99,0,0,0
BRDA:3,1,0,13
BRDA:6,2,0,0
BRDA:22,3,0,39
BRDA:23,4,0,0
BRDA:24,5,0,0
BRDA:27,6,0,13
BRDA:28,7,0,0
BRDA:61,8,0,13
BRDA:62,9,0,0
BRDA:64,10,0,0
BRDA:66,11,0,0
BRDA:74,12,0,13
BRDA:78,13,0,13
BRDA:78,14,0,0
BRDA:140,15,0,94
BRDA:141,16,0,0
BRDA:141,17,0,0
BRDA:148,18,0,12
BRDA:150,19,0,1
BRDA:150,20,0,0
BRDA:153,21,0,0
BRF:22
BRH:9
end_of_record
TN:
SF:src/files.ts
FN:16,fail
FN:21,errPptxTooManySlides
FN:92,getCanvasFileMeta
FN:108,downloadCanvasFile
FN:155,normalizeMime
FN:162,normalizeWhitespace
FN:172,truncateText
FN:179,extractPdfText
FN:197,extractDocxText
FN:213,extractPptxText
FN:273,textToBlocks
FN:281,getMimeTypeFromExtension
FN:305,extractFileContent
FN:440,downloadFileAsBase64
FNF:14
FNH:14
FNDA:7,fail
FNDA:1,errPptxTooManySlides
FNDA:23,getCanvasFileMeta
FNDA:15,downloadCanvasFile
FNDA:48,normalizeMime
FNDA:12,normalizeWhitespace
FNDA:20,truncateText
FNDA:3,extractPdfText
FNDA:2,extractDocxText
FNDA:3,extractPptxText
FNDA:11,textToBlocks
FNDA:35,getMimeTypeFromExtension
FNDA:21,extractFileContent
FNDA:1,downloadFileAsBase64
DA:1,1
DA:3,1
DA:4,1
DA:5,1
DA:6,1
DA:7,1
DA:16,7
DA:17,7
DA:18,7
DA:21,1
DA:22,1
DA:23,1
DA:24,13
DA:25,13
DA:26,13
DA:27,12
DA:28,12
DA:29,1
DA:30,1
DA:32,1
DA:35,1
DA:36,1
DA:38,1
DA:39,1
DA:40,1
DA:41,1
DA:42,1
DA:43,1
DA:44,1
DA:45,1
DA:92,23
DA:93,23
DA:94,23
DA:95,23
DA:96,23
DA:97,0
DA:98,0
DA:99,0
DA:100,23
DA:108,15
DA:109,15
DA:111,15
DA:112,15
DA:113,15
DA:114,15
DA:115,15
DA:117,15
DA:118,15
DA:119,15
DA:120,15
DA:121,15
DA:122,15
DA:124,15
DA:125,15
DA:128,15
DA:129,15
DA:130,6
DA:131,6
DA:132,6
DA:133,6
DA:134,6
DA:135,6
DA:137,15
DA:138,15
DA:139,15
DA:140,15
DA:141,15
DA:142,15
DA:143,15
DA:144,0
DA:145,0
DA:146,0
DA:147,0
DA:148,0
DA:149,0
DA:150,0
DA:151,15
DA:155,48
DA:156,48
DA:157,47
DA:158,48
DA:159,48
DA:160,48
DA:162,12
DA:163,12
DA:164,12
DA:165,12
DA:166,12
DA:167,12
DA:168,12
DA:169,12
DA:170,12
DA:172,1
DA:173,20
DA:174,20
DA:175,5
DA:176,5
DA:177,5
DA:179,3
DA:180,3
DA:182,3
DA:183,3
DA:184,3
DA:185,3
DA:186,0
DA:187,0
DA:188,3
DA:189,3
DA:190,3
DA:191,3
DA:192,0
DA:193,0
DA:194,0
DA:195,3
DA:197,2
DA:198,2
DA:199,2
DA:200,2
DA:201,2
DA:202,0
DA:203,0
DA:204,0
DA:205,2
DA:213,3
DA:214,3
DA:216,3
DA:217,3
DA:220,3
DA:221,3
DA:222,3
DA:224,3
DA:225,1
DA:226,1
DA:228,3
DA:230,3
DA:231,3
DA:232,3
DA:235,3
DA:236,3
DA:238,3
DA:239,3
DA:240,3
DA:241,3
DA:242,3
DA:243,3
DA:244,0
DA:245,0
DA:246,0
DA:247,0
DA:248,0
DA:251,3
DA:252,3
DA:254,3
DA:255,1
DA:256,1
DA:257,1
DA:258,1
DA:259,1
DA:260,3
DA:262,2
DA:263,3
DA:265,1
DA:266,1
DA:267,1
DA:268,0
DA:269,0
DA:270,0
DA:271,3
DA:273,11
DA:274,11
DA:275,11
DA:276,13
DA:277,13
DA:278,11
DA:279,11
DA:281,35
DA:282,35
DA:283,35
DA:284,35
DA:285,34
DA:286,35
DA:287,35
DA:288,35
DA:289,35
DA:290,35
DA:291,35
DA:292,35
DA:293,35
DA:294,35
DA:305,21
DA:306,21
DA:307,21
DA:308,21
DA:309,21
DA:310,21
DA:312,21
DA:314,21
DA:315,21
DA:316,21
DA:317,21
DA:318,20
DA:319,1
DA:321,21
DA:322,0
DA:323,0
DA:325,21
DA:326,5
DA:327,5
DA:330,16
DA:331,16
DA:332,2
DA:333,2
DA:334,2
DA:337,14
DA:340,14
DA:341,14
DA:345,14
DA:346,14
DA:347,12
DA:348,2
DA:350,21
DA:356,21
DA:358,21
DA:359,0
DA:360,0
DA:363,18
DA:364,0
DA:365,0
DA:367,14
DA:368,14
DA:371,16
DA:372,3
DA:373,3
DA:374,18
DA:375,2
DA:376,2
DA:377,11
DA:378,3
DA:379,2
DA:380,9
DA:381,2
DA:382,6
DA:383,6
DA:384,6
DA:385,6
DA:387,0
DA:388,0
DA:391,13
DA:393,18
DA:395,2
DA:396,2
DA:398,2
DA:399,3
DA:400,1
DA:401,1
DA:402,2
DA:403,2
DA:404,2
DA:405,2
DA:406,2
DA:407,2
DA:408,2
DA:409,2
DA:410,2
DA:411,2
DA:412,3
DA:413,2
DA:414,2
DA:416,13
DA:417,13
DA:418,13
DA:419,13
DA:420,13
DA:421,13
DA:422,13
DA:423,13
DA:424,13
DA:425,13
DA:426,13
DA:427,13
DA:428,13
DA:429,13
DA:440,1
DA:441,1
DA:442,1
DA:443,1
DA:444,1
DA:445,1
DA:447,1
DA:450,0
DA:451,0
DA:452,0
DA:455,1
DA:457,1
DA:458,1
DA:459,1
DA:460,1
DA:461,1
DA:462,1
DA:463,1
DA:464,1
DA:465,1
DA:466,1
LF:303
LH:266
BRDA:16,0,0,7
BRDA:21,1,0,1
BRDA:23,2,0,13
BRDA:25,3,0,1
BRDA:25,4,0,12
BRDA:26,5,0,1
BRDA:26,6,0,12
BRDA:26,7,0,1
BRDA:27,8,0,0
BRDA:92,9,0,23
BRDA:96,10,0,0
BRDA:108,11,0,15
BRDA:125,12,0,2
BRDA:125,13,0,1
BRDA:129,14,0,6
BRDA:140,15,0,0
BRDA:143,16,0,0
BRDA:155,17,0,48
BRDA:156,18,0,1
BRDA:156,19,0,47
BRDA:158,20,0,0
BRDA:162,21,0,12
BRDA:172,22,0,20
BRDA:173,23,0,19
BRDA:173,24,0,12
BRDA:173,25,0,8
BRDA:174,26,0,9
BRDA:174,27,0,3
BRDA:174,28,0,5
BRDA:179,29,0,3
BRDA:184,30,0,0
BRDA:185,31,0,0
BRDA:191,32,0,0
BRDA:197,33,0,2
BRDA:201,34,0,0
BRDA:213,35,0,3
BRDA:224,36,0,1
BRDA:226,37,0,2
BRDA:231,38,0,0
BRDA:236,39,0,0
BRDA:243,40,0,0
BRDA:252,41,0,0
BRDA:254,42,0,1
BRDA:260,43,0,2
BRDA:263,44,0,1
BRDA:267,45,0,0
BRDA:221,46,0,503
BRDA:222,47,0,500
BRDA:222,48,0,0
BRDA:222,49,0,0
BRDA:251,50,0,5
BRDA:273,51,0,11
BRDA:274,52,0,15
BRDA:275,53,0,13
BRDA:281,54,0,35
BRDA:283,55,0,34
BRDA:283,56,0,1
BRDA:284,57,0,1
BRDA:284,58,0,34
BRDA:286,59,0,8
BRDA:287,60,0,4
BRDA:288,61,0,6
BRDA:289,62,0,8
BRDA:290,63,0,4
BRDA:291,64,0,0
BRDA:292,65,0,4
BRDA:305,66,0,21
BRDA:315,67,0,0
BRDA:315,68,0,0
BRDA:317,69,0,20
BRDA:317,70,0,20
BRDA:318,71,0,1
BRDA:321,72,0,0
BRDA:325,73,0,5
BRDA:326,74,0,0
BRDA:327,75,0,16
BRDA:331,76,0,2
BRDA:334,77,0,14
BRDA:346,78,0,12
BRDA:347,79,0,2
BRDA:356,80,0,2
BRDA:356,81,0,0
BRDA:358,82,0,18
BRDA:358,83,0,0
BRDA:360,84,0,14
BRDA:363,85,0,0
BRDA:365,86,0,16
BRDA:365,87,0,14
BRDA:371,88,0,3
BRDA:374,89,0,15
BRDA:374,90,0,11
BRDA:374,91,0,2
BRDA:377,92,0,9
BRDA:377,93,0,3
BRDA:378,94,0,2
BRDA:380,95,0,6
BRDA:380,96,0,2
BRDA:381,97,0,0
BRDA:385,98,0,0
BRDA:388,99,0,13
BRDA:393,100,0,2
BRDA:398,101,0,3
BRDA:399,102,0,2
BRDA:399,103,0,1
BRDA:414,104,0,13
BRDA:379,105,0,4
BRDA:440,106,0,1
BRDA:447,107,0,0
BRDA:447,108,0,0
BRF:109
BRH:81
end_of_record
TN:
SF:src/http.ts
FN:64,makeSchemas
FN:88,getCanvasClient
FN:102,validateStatus
FN:112,requireCanvasClient
FN:118,logCanvasErrorEvent
FN:134,parseCanvasErrors
FN:162,raiseCanvasError
FN:206,withCanvasErrors
FN:215,parseNextLink
FN:230,getAll
FN:285,buildJsonRpcError
FN:291,redactSessionId
FN:298,fallbackSessionKey
FN:301,jsonParseErrorHandler
FN:346,fetchModules
FN:433,createServer
FN:437,addTool
FN:496,fetchCourses
FN:919,skip
FN:920,handler
FN:931,keyGenerator
FN:939,skip
FN:947,handler
FN:1038,asNode
FN:1039,asNodeRes
FN:1053,waitForPendingSession
FN:1068,isInitialize
FN:1071,normalizeInitializePayload
FN:1097,isSessionExpired
FN:1099,closeSession
FN:1127,getActiveSession
FN:1211,registerPendingKey
FN:1222,sessionIdGenerator
FN:1223,onsessioninitialized
FN:1241,onsessionclosed
FN:1246,run
FN:1375,stopHttpServer
FN:1387,handleShutdown
FNF:38
FNH:23
FNDA:96,makeSchemas
FNDA:67,getCanvasClient
FNDA:0,validateStatus
FNDA:28,requireCanvasClient
FNDA:12,logCanvasErrorEvent
FNDA:1,parseCanvasErrors
FNDA:12,raiseCanvasError
FNDA:28,withCanvasErrors
FNDA:0,parseNextLink
FNDA:0,getAll
FNDA:0,buildJsonRpcError
FNDA:0,redactSessionId
FNDA:0,fallbackSessionKey
FNDA:0,jsonParseErrorHandler
FNDA:0,fetchModules
FNDA:42,createServer
FNDA:312,addTool
FNDA:3,fetchCourses
FNDA:58,skip
FNDA:0,handler
FNDA:28,keyGenerator
FNDA:58,skip
FNDA:0,handler
FNDA:58,asNode
FNDA:58,asNodeRes
FNDA:0,waitForPendingSession
FNDA:30,isInitialize
FNDA:30,normalizeInitializePayload
FNDA:28,isSessionExpired
FNDA:0,closeSession
FNDA:58,getActiveSession
FNDA:60,registerPendingKey
FNDA:30,sessionIdGenerator
FNDA:30,onsessioninitialized
FNDA:0,onsessionclosed
FNDA:30,run
FNDA:0,stopHttpServer
FNDA:0,handleShutdown
DA:1,1
DA:3,1
DA:5,1
DA:6,1
DA:7,1
DA:9,1
DA:10,1
DA:12,1
DA:13,1
DA:14,1
DA:15,1
DA:16,1
DA:17,1
DA:18,1
DA:19,1
DA:20,1
DA:21,1
DA:24,1
DA:26,1
DA:29,1
DA:30,0
DA:31,0
DA:32,0
DA:33,0
DA:34,0
DA:35,0
DA:36,0
DA:38,0
DA:39,0
DA:40,0
DA:41,0
DA:42,0
DA:44,1
DA:45,1
DA:46,1
DA:47,1
DA:48,1
DA:49,1
DA:51,1
DA:52,1
DA:53,0
DA:54,1
DA:55,1
DA:56,1
DA:60,1
DA:64,1
DA:65,96
DA:66,96
DA:67,96
DA:68,96
DA:70,1
DA:71,1
DA:72,1
DA:73,1
DA:74,1
DA:75,1
DA:76,1
DA:78,1
DA:79,1
DA:81,1
DA:88,1
DA:89,67
DA:90,67
DA:91,67
DA:93,67
DA:94,67
DA:95,67
DA:96,67
DA:98,67
DA:99,67
DA:100,67
DA:101,67
DA:102,67
DA:103,67
DA:104,67
DA:112,1
DA:113,28
DA:114,28
DA:115,28
DA:116,28
DA:118,1
DA:124,12
DA:125,12
DA:126,12
DA:127,12
DA:128,12
DA:129,12
DA:130,12
DA:131,12
DA:132,12
DA:134,1
DA:135,1
DA:136,0
DA:137,0
DA:138,1
DA:139,1
DA:140,1
DA:141,1
DA:142,1
DA:143,1
DA:144,1
DA:145,1
DA:146,1
DA:147,1
DA:148,1
DA:149,1
DA:150,0
DA:151,1
DA:152,1
DA:153,1
DA:154,0
DA:155,0
DA:156,0
DA:157,0
DA:158,0
DA:162,1
DA:163,12
DA:164,12
DA:166,12
DA:167,1
DA:168,1
DA:169,1
DA:170,1
DA:171,1
DA:172,1
DA:173,1
DA:175,1
DA:176,1
DA:177,1
DA:178,1
DA:179,1
DA:180,1
DA:181,1
DA:183,1
DA:184,0
DA:185,0
DA:187,1
DA:188,1
DA:190,11
DA:191,11
DA:192,11
DA:193,0
DA:194,0
DA:195,11
DA:196,11
DA:198,0
DA:199,0
DA:200,0
DA:201,0
DA:203,0
DA:204,0
DA:206,1
DA:207,28
DA:208,28
DA:209,28
DA:210,12
DA:213,28
DA:215,1
DA:216,0
DA:217,0
DA:218,0
DA:219,0
DA:220,0
DA:221,0
DA:222,0
DA:223,0
DA:224,0
DA:225,0
DA:226,0
DA:227,0
DA:228,0
DA:230,1
DA:231,0
DA:232,0
DA:233,0
DA:234,0
DA:235,0
DA:236,0
DA:237,0
DA:238,0
DA:239,0
DA:240,0
DA:242,0
DA:243,0
DA:244,0
DA:245,0
DA:246,0
DA:247,0
DA:249,0
DA:250,0
DA:251,0
DA:252,0
DA:253,0
DA:254,0
DA:255,0
DA:257,0
DA:258,0
DA:259,0
DA:260,0
DA:261,0
DA:262,0
DA:263,0
DA:264,0
DA:265,0
DA:266,0
DA:267,0
DA:268,0
DA:269,0
DA:270,0
DA:271,0
DA:272,0
DA:273,0
DA:274,0
DA:275,0
DA:276,0
DA:277,0
DA:278,0
DA:279,0
DA:280,0
DA:281,0
DA:282,0
DA:283,0
DA:285,1
DA:286,0
DA:287,0
DA:288,0
DA:289,0
DA:291,1
DA:292,0
DA:293,0
DA:294,0
DA:295,0
DA:296,0
DA:298,1
DA:299,0
DA:301,1
DA:302,0
DA:303,0
DA:304,0
DA:305,0
DA:306,0
DA:307,0
DA:308,0
DA:309,0
DA:310,0
DA:311,0
DA:312,0
DA:313,0
DA:314,0
DA:316,0
DA:317,0
DA:318,0
DA:319,0
DA:320,0
DA:321,0
DA:322,0
DA:323,0
DA:346,1
DA:347,0
DA:348,0
DA:349,0
DA:350,0
DA:351,0
DA:352,0
DA:353,0
DA:354,0
DA:355,0
DA:356,0
DA:357,0
DA:358,0
DA:359,0
DA:360,0
DA:361,0
DA:362,0
DA:363,0
DA:364,0
DA:365,0
DA:366,0
DA:367,0
DA:369,1
DA:370,1
DA:372,1
DA:373,1
DA:374,1
DA:375,1
DA:376,1
DA:377,1
DA:378,1
DA:379,1
DA:381,1
DA:382,1
DA:383,1
DA:384,1
DA:385,1
DA:386,1
DA:387,1
DA:389,1
DA:390,1
DA:391,1
DA:392,1
DA:393,1
DA:394,1
DA:395,1
DA:396,1
DA:397,1
DA:398,1
DA:400,1
DA:401,1
DA:402,1
DA:403,1
DA:404,1
DA:405,1
DA:406,1
DA:407,1
DA:408,1
DA:409,1
DA:410,1
DA:411,1
DA:412,1
DA:413,1
DA:414,1
DA:415,1
DA:417,1
DA:418,1
DA:419,1
DA:420,1
DA:421,1
DA:422,1
DA:423,1
DA:424,1
DA:425,1
DA:426,1
DA:427,1
DA:428,1
DA:429,1
DA:433,1
DA:434,42
DA:435,42
DA:437,42
DA:438,312
DA:439,312
DA:440,312
DA:441,312
DA:443,42
DA:444,42
DA:445,42
DA:446,42
DA:447,42
DA:448,42
DA:449,42
DA:450,42
DA:451,42
DA:452,0
DA:453,0
DA:454,0
DA:455,42
DA:457,42
DA:458,42
DA:459,42
DA:460,42
DA:461,42
DA:462,42
DA:463,42
DA:464,42
DA:465,42
DA:466,0
DA:467,0
DA:468,0
DA:469,0
DA:470,0
DA:471,0
DA:472,0
DA:473,0
DA:474,0
DA:475,0
DA:476,42
DA:478,42
DA:481,38
DA:483,38
DA:484,38
DA:485,38
DA:486,38
DA:487,38
DA:488,38
DA:489,38
DA:490,38
DA:491,38
DA:492,3
DA:493,3
DA:494,3
DA:496,3
DA:497,3
DA:498,2
DA:499,3
DA:500,1
DA:501,1
DA:502,1
DA:503,3
DA:505,3
DA:506,3
DA:507,3
DA:508,3
DA:509,3
DA:511,3
DA:513,1
DA:514,1
DA:515,1
DA:516,1
DA:517,1
DA:518,1
DA:519,1
DA:520,1
DA:521,1
DA:522,1
DA:523,3
DA:524,3
DA:525,38
DA:527,38
DA:528,38
DA:529,38
DA:530,38
DA:531,38
DA:532,38
DA:533,38
DA:534,38
DA:535,38
DA:536,0
DA:537,0
DA:538,0
DA:539,0
DA:540,0
DA:541,0
DA:542,0
DA:543,0
DA:544,0
DA:545,0
DA:546,38
DA:548,38
DA:549,38
DA:550,38
DA:551,38
DA:552,38
DA:553,38
DA:554,38
DA:555,38
DA:556,38
DA:557,0
DA:558,0
DA:559,0
DA:560,0
DA:561,0
DA:562,0
DA:563,0
DA:564,0
DA:565,0
DA:566,0
DA:567,0
DA:568,0
DA:577,0
DA:578,0
DA:579,0
DA:580,0
DA:581,0
DA:582,0
DA:583,0
DA:584,0
DA:585,0
DA:586,0
DA:587,0
DA:588,0
DA:589,0
DA:590,0
DA:591,0
DA:592,38
DA:604,38
DA:605,38
DA:606,38
DA:607,38
DA:608,38
DA:609,38
DA:610,38
DA:611,38
DA:612,38
DA:613,2
DA:614,2
DA:616,2
DA:617,2
DA:618,2
DA:620,2
DA:622,2
DA:624,1
DA:626,1
DA:627,1
DA:628,1
DA:629,1
DA:630,1
DA:631,1
DA:632,1
DA:633,1
DA:634,1
DA:635,1
DA:636,1
DA:637,1
DA:638,1
DA:639,1
DA:640,1
DA:641,1
DA:642,1
DA:643,1
DA:644,1
DA:645,1
DA:646,1
DA:648,1
DA:649,1
DA:650,1
DA:652,1
DA:653,1
DA:654,1
DA:655,1
DA:656,1
DA:657,1
DA:658,1
DA:659,1
DA:660,1
DA:661,1
DA:662,1
DA:663,1
DA:664,1
DA:665,1
DA:666,1
DA:667,1
DA:668,1
DA:669,1
DA:670,1
DA:671,1
DA:672,1
DA:673,2
DA:674,2
DA:675,38
DA:689,38
DA:690,38
DA:691,38
DA:692,38
DA:693,38
DA:694,38
DA:695,38
DA:696,38
DA:697,38
DA:698,21
DA:699,21
DA:700,21
DA:701,21
DA:702,21
DA:703,21
DA:704,21
DA:705,21
DA:706,21
DA:708,21
DA:709,21
DA:712,21
DA:713,13
DA:714,13
DA:716,13
DA:717,13
DA:720,13
DA:723,21
DA:724,2
DA:726,2
DA:728,1
DA:729,0
DA:730,0
DA:731,1
DA:732,0
DA:733,0
DA:735,1
DA:736,0
DA:737,0
DA:738,1
DA:739,1
DA:740,1
DA:741,1
DA:742,1
DA:744,1
DA:745,1
DA:746,1
DA:747,1
DA:748,1
DA:749,1
DA:752,1
DA:753,1
DA:754,1
DA:755,1
DA:756,1
DA:757,1
DA:759,1
DA:761,1
DA:763,1
DA:764,1
DA:765,1
DA:766,1
DA:767,1
DA:768,1
DA:769,1
DA:770,1
DA:771,1
DA:773,0
DA:774,0
DA:775,0
DA:776,0
DA:777,0
DA:778,0
DA:779,0
DA:780,0
DA:781,0
DA:782,0
DA:783,1
DA:784,18
DA:785,1
DA:786,1
DA:789,12
DA:790,12
DA:791,0
DA:792,12
DA:794,21
DA:796,21
DA:797,21
DA:798,21
DA:799,21
DA:800,21
DA:801,21
DA:802,21
DA:803,21
DA:804,21
DA:805,21
DA:806,21
DA:807,21
DA:808,21
DA:809,21
DA:810,21
DA:811,38
DA:822,38
DA:823,38
DA:824,38
DA:825,38
DA:826,38
DA:827,38
DA:828,38
DA:829,38
DA:830,38
DA:831,2
DA:832,2
DA:833,2
DA:834,2
DA:837,2
DA:838,2
DA:839,2
DA:840,2
DA:843,2
DA:845,0
DA:846,0
DA:847,0
DA:849,0
DA:852,0
DA:854,0
DA:855,0
DA:856,0
DA:857,0
DA:858,0
DA:859,0
DA:860,0
DA:861,0
DA:862,0
DA:863,0
DA:864,0
DA:865,0
DA:866,2
DA:868,2
DA:869,1
DA:870,1
DA:871,1
DA:872,0
DA:873,1
DA:874,1
DA:877,1
DA:879,1
DA:881,1
DA:882,1
DA:883,1
DA:884,1
DA:885,1
DA:886,1
DA:887,1
DA:888,1
DA:889,1
DA:890,1
DA:891,1
DA:892,1
DA:893,1
DA:894,2
DA:895,2
DA:896,38
DA:897,38
DA:899,42
DA:900,42
DA:903,1
DA:905,1
DA:907,1
DA:908,1
DA:909,0
DA:910,0
DA:911,0
DA:913,1
DA:914,1
DA:915,1
DA:916,1
DA:917,1
DA:918,1
DA:919,1
DA:920,1
DA:921,0
DA:922,0
DA:923,1
DA:925,1
DA:926,1
DA:927,1
DA:928,1
DA:929,1
DA:930,1
DA:931,1
DA:932,28
DA:933,28
DA:934,28
DA:935,28
DA:936,28
DA:937,0
DA:938,28
DA:939,1
DA:940,58
DA:941,58
DA:942,0
DA:943,0
DA:944,58
DA:945,58
DA:946,58
DA:947,1
DA:948,0
DA:949,0
DA:950,0
DA:951,0
DA:952,0
DA:953,0
DA:954,0
DA:955,1
DA:957,1
DA:958,1
DA:959,1
DA:960,1
DA:962,1
DA:963,1
DA:964,58
DA:965,58
DA:966,58
DA:967,58
DA:968,58
DA:969,0
DA:970,0
DA:971,0
DA:972,0
DA:973,0
DA:974,0
DA:975,0
DA:976,0
DA:977,0
DA:978,1
DA:979,1
DA:981,1
DA:982,58
DA:983,58
DA:984,58
DA:985,58
DA:986,0
DA:987,0
DA:988,0
DA:989,58
DA:990,58
DA:992,1
DA:993,0
DA:994,0
DA:995,0
DA:996,0
DA:997,0
DA:998,0
DA:999,0
DA:1000,0
DA:1002,1
DA:1004,1
DA:1006,1
DA:1007,0
DA:1008,0
DA:1010,1
DA:1011,0
DA:1012,0
DA:1013,0
DA:1014,0
DA:1015,0
DA:1016,0
DA:1017,0
DA:1019,0
DA:1020,0
DA:1021,0
DA:1022,0
DA:1023,0
DA:1024,0
DA:1025,0
DA:1026,0
DA:1027,0
DA:1028,0
DA:1029,0
DA:1030,0
DA:1031,0
DA:1032,0
DA:1033,0
DA:1034,0
DA:1038,1
DA:1039,1
DA:1048,1
DA:1049,1
DA:1050,1
DA:1051,1
DA:1053,1
DA:1054,0
DA:1055,0
DA:1056,0
DA:1057,0
DA:1058,0
DA:1059,0
DA:1060,0
DA:1061,0
DA:1062,0
DA:1063,0
DA:1065,0
DA:1066,0
DA:1068,1
DA:1069,30
DA:1071,1
DA:1072,30
DA:1073,0
DA:1074,0
DA:1075,30
DA:1076,30
DA:1077,0
DA:1078,0
DA:1079,30
DA:1080,30
DA:1081,30
DA:1082,30
DA:1083,2
DA:1084,2
DA:1085,30
DA:1086,2
DA:1087,2
DA:1088,2
DA:1089,2
DA:1090,2
DA:1091,30
DA:1092,0
DA:1093,0
DA:1094,30
DA:1095,30
DA:1097,1
DA:1099,1
DA:1100,0
DA:1101,0
DA:1102,0
DA:1103,0
DA:1104,0
DA:1105,0
DA:1106,0
DA:1107,0
DA:1109,0
DA:1110,0
DA:1111,0
DA:1112,0
DA:1114,0
DA:1115,0
DA:1116,0
DA:1117,0
DA:1119,0
DA:1120,0
DA:1122,0
DA:1124,0
DA:1125,0
DA:1127,1
DA:1128,58
DA:1129,30
DA:1130,30
DA:1131,28
DA:1132,58
DA:1133,0
DA:1134,0
DA:1135,56
DA:1136,0
DA:1137,0
DA:1138,0
DA:1139,0
DA:1140,0
DA:1141,0
DA:1143,0
DA:1144,0
DA:1146,0
DA:1147,0
DA:1148,0
DA:1149,0
DA:1150,28
DA:1151,28
DA:1153,1
DA:1154,0
DA:1155,0
DA:1156,0
DA:1157,0
DA:1158,0
DA:1159,0
DA:1160,0
DA:1161,0
DA:1162,1
DA:1164,1
DA:1165,58
DA:1166,58
DA:1167,58
DA:1168,58
DA:1169,58
DA:1170,58
DA:1171,0
DA:1172,58
DA:1173,0
DA:1174,0
DA:1175,0
DA:1176,0
DA:1177,0
DA:1178,0
DA:1179,0
DA:1180,58
DA:1181,58
DA:1182,0
DA:1183,0
DA:1184,0
DA:1186,58
DA:1187,30
DA:1188,0
DA:1189,0
DA:1190,0
DA:1191,0
DA:1192,0
DA:1193,0
DA:1194,0
DA:1195,30
DA:1196,0
DA:1197,0
DA:1198,0
DA:1199,0
DA:1200,0
DA:1201,0
DA:1202,0
DA:1203,0
DA:1204,0
DA:1205,0
DA:1206,30
DA:1207,30
DA:1208,30
DA:1209,30
DA:1210,30
DA:1211,30
DA:1212,60
DA:1213,0
DA:1214,0
DA:1215,60
DA:1216,60
DA:1217,60
DA:1219,30
DA:1220,30
DA:1221,30
DA:1222,30
DA:1223,30
DA:1224,30
DA:1225,30
DA:1226,30
DA:1227,30
DA:1228,30
DA:1229,0
DA:1230,0
DA:1231,30
DA:1232,30
DA:1233,30
DA:1234,30
DA:1235,30
DA:1236,30
DA:1237,30
DA:1238,30
DA:1239,30
DA:1240,30
DA:1241,30
DA:1242,0
DA:1243,0
DA:1244,30
DA:1246,30
DA:1247,30
DA:1248,30
DA:1249,30
DA:1250,30
DA:1251,30
DA:1252,0
DA:1253,0
DA:1254,0
DA:1255,0
DA:1256,0
DA:1257,0
DA:1259,0
DA:1260,0
DA:1262,0
DA:1263,0
DA:1264,0
DA:1265,0
DA:1266,30
DA:1268,30
DA:1269,30
DA:1270,30
DA:1272,30
DA:1273,30
DA:1274,30
DA:1275,30
DA:1279,30
DA:1280,30
DA:1281,30
DA:1282,30
DA:1283,30
DA:1284,30
DA:1285,30
DA:1286,30
DA:1288,28
DA:1289,28
DA:1290,58
DA:1291,0
DA:1292,0
DA:1293,0
DA:1294,0
DA:1295,0
DA:1296,0
DA:1297,0
DA:1298,0
DA:1299,0
DA:1300,0
DA:1301,0
DA:1302,0
DA:1303,0
DA:1304,58
DA:1306,1
DA:1307,0
DA:1308,0
DA:1309,0
DA:1310,0
DA:1311,0
DA:1312,0
DA:1313,0
DA:1314,0
DA:1315,0
DA:1316,0
DA:1317,0
DA:1318,0
DA:1319,0
DA:1320,0
DA:1321,0
DA:1322,0
DA:1323,0
DA:1324,0
DA:1325,0
DA:1326,0
DA:1327,0
DA:1328,0
DA:1329,0
DA:1330,0
DA:1331,0
DA:1332,0
DA:1333,0
DA:1335,1
DA:1336,0
DA:1337,0
DA:1338,0
DA:1339,0
DA:1340,0
DA:1341,0
DA:1342,0
DA:1343,0
DA:1344,0
DA:1345,0
DA:1346,0
DA:1347,0
DA:1348,0
DA:1349,0
DA:1350,0
DA:1351,0
DA:1352,0
DA:1353,0
DA:1354,0
DA:1355,0
DA:1356,0
DA:1357,0
DA:1358,0
DA:1359,0
DA:1360,0
DA:1361,0
DA:1362,0
DA:1365,1
DA:1366,12
DA:1367,12
DA:1368,12
DA:1369,0
DA:1370,0
DA:1371,12
DA:1372,1
DA:1373,1
DA:1375,1
DA:1376,0
DA:1377,0
DA:1378,0
DA:1379,0
DA:1380,0
DA:1381,0
DA:1382,0
DA:1383,0
DA:1384,0
DA:1385,0
DA:1387,1
DA:1388,0
DA:1389,0
DA:1390,0
DA:1391,0
DA:1392,0
DA:1393,0
DA:1394,0
DA:1395,0
DA:1396,0
DA:1397,0
DA:1398,0
DA:1399,0
DA:1400,0
DA:1401,0
DA:1402,0
DA:1403,0
DA:1404,0
DA:1405,0
DA:1407,1
DA:1408,24
DA:1409,0
DA:1410,24
DA:1411,24
DA:1414,1
DA:1415,0
DA:1416,0
DA:1418,0
DA:1419,0
DA:1420,0
DA:1421,0
DA:1422,0
DA:1423,0
DA:1424,1
DA:1425,1
DA:1426,1
DA:1427,1
LF:1168
LH:664
BRDA:29,0,0,0
BRDA:52,1,0,0
BRDA:52,2,0,0
BRDA:60,3,0,0
BRDA:81,4,0,2
BRDA:81,5,0,10
BRDA:908,6,0,0
BRDA:908,7,0,0
BRDA:1414,8,0,0
BRDA:1414,9,0,0
BRDA:64,10,0,96
BRDA:65,11,0,60
BRDA:65,12,0,36
BRDA:88,13,0,67
BRDA:91,14,0,0
BRDA:112,15,0,28
BRDA:114,16,0,0
BRDA:118,17,0,12
BRDA:126,18,0,0
BRDA:127,19,0,11
BRDA:128,20,0,11
BRDA:130,21,0,1
BRDA:130,22,0,11
BRDA:134,23,0,1
BRDA:135,24,0,0
BRDA:153,25,0,0
BRDA:142,26,0,1
BRDA:143,27,0,0
BRDA:149,28,0,0
BRDA:162,29,0,12
BRDA:166,30,0,1
BRDA:170,31,0,0
BRDA:171,32,0,0
BRDA:171,33,0,0
BRDA:171,34,0,0
BRDA:176,35,0,0
BRDA:177,36,0,0
BRDA:178,37,0,0
BRDA:179,38,0,0
BRDA:183,39,0,0
BRDA:188,40,0,11
BRDA:192,41,0,0
BRDA:196,42,0,0
BRDA:206,43,0,28
BRDA:209,44,0,12
BRDA:433,45,0,42
BRDA:478,46,0,38
BRDA:437,47,0,312
BRDA:491,48,0,3
BRDA:492,49,0,0
BRDA:493,50,0,3
BRDA:511,51,0,1
BRDA:496,52,0,3
BRDA:497,53,0,2
BRDA:499,54,0,1
BRDA:513,55,0,1
BRDA:515,56,0,0
BRDA:515,57,0,0
BRDA:612,58,0,2
BRDA:613,59,0,0
BRDA:614,60,0,1
BRDA:614,61,0,1
BRDA:616,62,0,2
BRDA:620,63,0,0
BRDA:622,64,0,1
BRDA:631,65,0,0
BRDA:639,66,0,0
BRDA:657,67,0,0
BRDA:658,68,0,0
BRDA:665,69,0,0
BRDA:666,70,0,0
BRDA:697,71,0,21
BRDA:705,72,0,0
BRDA:706,73,0,3
BRDA:706,74,0,18
BRDA:708,75,0,21
BRDA:712,76,0,16
BRDA:712,77,0,13
BRDA:723,78,0,3
BRDA:723,79,0,18
BRDA:723,80,0,2
BRDA:724,81,0,1
BRDA:726,82,0,1
BRDA:728,83,0,0
BRDA:731,84,0,0
BRDA:735,85,0,0
BRDA:761,86,0,0
BRDA:771,87,0,0
BRDA:784,88,0,17
BRDA:784,89,0,11
BRDA:784,90,0,1
BRDA:784,91,0,1
BRDA:784,92,0,1
BRDA:786,93,0,12
BRDA:790,94,0,0
BRDA:791,95,0,12
BRDA:794,96,0,2
BRDA:794,97,0,10
BRDA:804,98,0,1
BRDA:804,99,0,11
BRDA:716,100,0,16
BRDA:789,101,0,17
BRDA:830,102,0,2
BRDA:831,103,0,0
BRDA:832,104,0,2
BRDA:839,105,0,0
BRDA:839,106,0,0
BRDA:843,107,0,0
BRDA:868,108,0,1
BRDA:871,109,0,0
BRDA:919,110,0,58
BRDA:931,111,0,28
BRDA:933,112,0,0
BRDA:936,113,0,0
BRDA:939,114,0,58
BRDA:941,115,0,0
BRDA:963,116,0,58
BRDA:968,117,0,0
BRDA:981,118,0,58
BRDA:985,119,0,0
BRDA:1038,120,0,58
BRDA:1039,121,0,58
BRDA:1068,122,0,30
BRDA:1071,123,0,30
BRDA:1072,124,0,0
BRDA:1076,125,0,0
BRDA:1081,126,0,0
BRDA:1082,127,0,2
BRDA:1085,128,0,2
BRDA:1091,129,0,0
BRDA:1097,130,0,28
BRDA:1127,131,0,58
BRDA:1128,132,0,30
BRDA:1130,133,0,28
BRDA:1132,134,0,56
BRDA:1132,135,0,0
BRDA:1134,136,0,28
BRDA:1135,137,0,0
BRDA:1149,138,0,28
BRDA:1164,139,0,58
BRDA:1166,140,0,30
BRDA:1170,141,0,0
BRDA:1170,142,0,0
BRDA:1172,143,0,0
BRDA:1181,144,0,30
BRDA:1181,145,0,0
BRDA:1186,146,0,30
BRDA:1187,147,0,0
BRDA:1195,148,0,0
BRDA:1286,149,0,28
BRDA:1290,150,0,0
BRDA:1211,151,0,60
BRDA:1212,152,0,0
BRDA:1222,153,0,30
BRDA:1223,154,0,30
BRDA:1224,155,0,0
BRDA:1228,156,0,0
BRDA:1246,157,0,30
BRDA:1251,158,0,0
BRDA:1365,159,0,12
BRDA:1366,160,0,0
BRDA:1368,161,0,0
BRDA:1407,162,0,24
BRF:163
BRH:90
end_of_record
TN:
SF:src/index.ts
FN:1,(empty-report)
FNF:1
FNH:1
FNDA:1,(empty-report)
DA:2,0
LF:1
LH:0
BRDA:1,0,0,1
BRF:1
BRH:1
end_of_record
TN:
SF:src/logger.ts
FN:17,parseLogLevel
FN:24,sanitize
FN:114,sanitizeData
FN:125,formatPayload
FN:145,write
FN:160,debug
FN:161,info
FN:162,warn
FN:163,error
FN:164,setLevel
FNF:10
FNH:8
FNDA:13,parseLogLevel
FNDA:214,sanitize
FNDA:32,sanitizeData
FNDA:32,formatPayload
FNDA:32,write
FNDA:0,debug
FNDA:14,info
FNDA:6,warn
FNDA:12,error
FNDA:0,setLevel
DA:1,1
DA:2,1
DA:4,1
DA:7,1
DA:8,1
DA:9,1
DA:10,1
DA:11,1
DA:12,1
DA:14,1
DA:15,1
DA:17,1
DA:18,13
DA:19,13
DA:20,13
DA:22,1
DA:24,1
DA:25,214
DA:26,0
DA:27,0
DA:29,214
DA:30,169
DA:31,169
DA:33,214
DA:34,0
DA:35,0
DA:37,45
DA:39,214
DA:40,13
DA:41,13
DA:42,13
DA:43,13
DA:44,13
DA:46,214
DA:47,0
DA:48,0
DA:50,214
DA:51,0
DA:52,0
DA:54,214
DA:55,0
DA:56,0
DA:57,0
DA:58,0
DA:59,0
DA:60,0
DA:61,0
DA:62,0
DA:63,0
DA:64,0
DA:65,0
DA:66,0
DA:67,0
DA:68,0
DA:70,214
DA:71,0
DA:72,0
DA:73,0
DA:74,0
DA:76,214
DA:77,0
DA:78,0
DA:79,0
DA:80,0
DA:81,0
DA:82,0
DA:83,0
DA:84,0
DA:85,0
DA:86,0
DA:87,0
DA:88,0
DA:89,0
DA:90,0
DA:91,0
DA:92,0
DA:93,0
DA:94,0
DA:95,0
DA:96,0
DA:98,32
DA:99,190
DA:100,97
DA:101,0
DA:102,97
DA:103,97
DA:104,97
DA:105,97
DA:106,97
DA:107,97
DA:108,97
DA:109,97
DA:110,32
DA:111,32
DA:112,32
DA:114,1
DA:115,32
DA:116,0
DA:117,0
DA:118,32
DA:119,32
DA:120,32
DA:121,32
DA:122,0
DA:123,0
DA:125,1
DA:126,32
DA:127,32
DA:128,32
DA:129,32
DA:130,32
DA:131,32
DA:132,32
DA:134,32
DA:135,0
DA:136,0
DA:137,0
DA:138,0
DA:139,0
DA:140,0
DA:142,32
DA:143,32
DA:145,1
DA:146,32
DA:147,0
DA:148,0
DA:149,32
DA:150,32
DA:151,12
DA:152,32
DA:153,6
DA:154,19
DA:155,14
DA:156,14
DA:157,32
DA:159,1
DA:160,1
DA:161,1
DA:162,1
DA:163,1
DA:164,1
DA:165,0
DA:166,0
DA:167,1
DA:169,1
LF:145
LH:84
BRDA:17,0,0,13
BRDA:18,1,0,0
BRDA:19,2,0,0
BRDA:24,3,0,214
BRDA:25,4,0,0
BRDA:29,5,0,181
BRDA:29,6,0,210
BRDA:29,7,0,169
BRDA:31,8,0,45
BRDA:33,9,0,0
BRDA:35,10,0,45
BRDA:39,11,0,190
BRDA:39,12,0,13
BRDA:44,13,0,32
BRDA:46,14,0,0
BRDA:48,15,0,32
BRDA:50,16,0,0
BRDA:52,17,0,32
BRDA:54,18,0,0
BRDA:68,19,0,32
BRDA:70,20,0,0
BRDA:74,21,0,32
BRDA:76,22,0,0
BRDA:96,23,0,190
BRDA:96,24,0,32
BRDA:99,25,0,97
BRDA:100,26,0,0
BRDA:109,27,0,32
BRDA:41,28,0,85
BRDA:114,29,0,32
BRDA:115,30,0,0
BRDA:121,31,0,0
BRDA:125,32,0,32
BRDA:131,33,0,0
BRDA:134,34,0,0
BRDA:145,35,0,32
BRDA:146,36,0,0
BRDA:150,37,0,12
BRDA:152,38,0,20
BRDA:152,39,0,19
BRDA:152,40,0,6
BRDA:154,41,0,14
BRDA:161,42,0,14
BRDA:162,43,0,6
BRDA:163,44,0,12
BRF:45
BRH:30
end_of_record
TN:
SF:src/ocr.ts
FN:24,performOcr
FN:75,isImageOnly
FN:87,ocrDisabledHint
FNF:3
FNH:3
FNDA:1,performOcr
FNDA:2,isImageOnly
FNDA:1,ocrDisabledHint
DA:2,1
DA:3,1
DA:4,1
DA:24,1
DA:25,1
DA:26,0
DA:27,0
DA:29,1
DA:30,1
DA:31,1
DA:33,1
DA:34,1
DA:35,1
DA:36,1
DA:37,1
DA:38,1
DA:39,1
DA:41,1
DA:42,1
DA:43,1
DA:44,1
DA:45,1
DA:46,1
DA:47,1
DA:48,1
DA:49,1
DA:50,1
DA:52,1
DA:53,1
DA:54,1
DA:55,1
DA:57,1
DA:58,1
DA:59,0
DA:60,0
DA:62,0
DA:63,0
DA:64,0
DA:65,0
DA:66,0
DA:67,0
DA:68,1
DA:75,1
DA:76,2
DA:77,1
DA:78,1
DA:80,1
DA:81,1
DA:82,1
DA:87,1
DA:88,1
DA:89,1
LF:52
LH:42
BRDA:24,0,0,1
BRDA:25,1,0,0
BRDA:53,2,0,0
BRDA:54,3,0,0
BRDA:58,4,0,0
BRDA:75,5,0,2
BRDA:76,6,0,1
BRDA:78,7,0,0
BRDA:80,8,0,0
BRDA:87,9,0,1
BRF:10
BRH:4
end_of_record
TN:
SF:src/sanitize.ts
FN:6,sanitizeHtmlSafe
FN:22,a
FN:38,htmlToText
FN:53,truncate
FN:62,sanitizeHtmlWithLimit
FN:68,textFilter
FNF:6
FNH:5
FNDA:2,sanitizeHtmlSafe
FNDA:0,a
FNDA:1,htmlToText
FNDA:2,truncate
FNDA:1,sanitizeHtmlWithLimit
FNDA:2,textFilter
DA:2,1
DA:3,1
DA:6,1
DA:7,2
DA:8,2
DA:9,2
DA:10,2
DA:11,2
DA:12,2
DA:13,2
DA:14,2
DA:15,2
DA:16,2
DA:17,2
DA:18,2
DA:19,2
DA:20,2
DA:21,2
DA:22,2
DA:23,0
DA:24,0
DA:25,0
DA:26,0
DA:27,0
DA:28,2
DA:29,2
DA:30,2
DA:31,2
DA:32,2
DA:33,2
DA:34,2
DA:35,2
DA:38,1
DA:39,1
DA:40,1
DA:41,1
DA:42,1
DA:43,1
DA:44,1
DA:45,1
DA:46,1
DA:47,1
DA:48,1
DA:49,1
DA:50,1
DA:53,1
DA:54,2
DA:55,2
DA:56,2
DA:57,1
DA:58,1
DA:59,1
DA:62,1
DA:63,1
DA:64,0
DA:65,0
DA:66,1
DA:67,1
DA:68,1
DA:69,2
DA:70,2
DA:71,2
DA:72,2
DA:73,2
DA:74,0
DA:75,0
DA:76,0
DA:77,2
DA:78,1
DA:79,1
DA:80,1
LF:71
LH:61
BRDA:6,0,0,2
BRDA:34,1,0,0
BRDA:34,2,0,1
BRDA:38,3,0,1
BRDA:39,4,0,0
BRDA:46,5,0,2
BRDA:53,6,0,2
BRDA:54,7,0,0
BRDA:55,8,0,0
BRDA:56,9,0,1
BRDA:62,10,0,1
BRDA:63,11,0,0
BRDA:68,12,0,2
BRDA:69,13,0,0
BRDA:73,14,0,0
BRF:15
BRH:8
end_of_record
TN:
SF:src/smoke.local.ts
FN:1,(empty-report)
FNF:1
FNH:0
FNDA:0,(empty-report)
DA:1,0
DA:3,0
DA:5,0
DA:6,0
DA:7,0
DA:8,0
DA:9,0
DA:11,0
DA:13,0
DA:14,0
DA:15,0
DA:16,0
DA:17,0
DA:18,0
DA:19,0
DA:20,0
DA:21,0
DA:22,0
DA:23,0
DA:24,0
DA:25,0
DA:26,0
DA:28,0
DA:29,0
DA:30,0
DA:31,0
DA:32,0
DA:34,0
DA:35,0
DA:36,0
DA:37,0
DA:38,0
DA:39,0
DA:41,0
DA:42,0
DA:43,0
DA:44,0
DA:45,0
DA:46,0
DA:47,0
DA:48,0
DA:49,0
DA:50,0
DA:52,0
DA:54,0
DA:55,0
DA:56,0
DA:57,0
DA:58,0
DA:59,0
DA:60,0
DA:61,0
DA:62,0
DA:63,0
DA:64,0
DA:65,0
DA:66,0
DA:67,0
DA:68,0
DA:69,0
DA:70,0
DA:71,0
DA:72,0
DA:73,0
DA:75,0
DA:76,0
DA:77,0
DA:78,0
DA:79,0
DA:80,0
DA:81,0
DA:82,0
DA:83,0
DA:84,0
DA:85,0
DA:86,0
DA:87,0
DA:88,0
DA:89,0
DA:91,0
DA:92,0
DA:93,0
DA:94,0
DA:95,0
DA:96,0
DA:97,0
DA:98,0
DA:99,0
DA:100,0
DA:101,0
DA:103,0
DA:104,0
DA:105,0
DA:106,0
DA:107,0
DA:108,0
DA:109,0
DA:110,0
DA:111,0
DA:112,0
DA:114,0
DA:115,0
DA:116,0
DA:117,0
DA:118,0
DA:119,0
DA:120,0
DA:121,0
DA:123,0
DA:124,0
DA:125,0
DA:126,0
DA:127,0
DA:129,0
DA:130,0
DA:131,0
DA:132,0
DA:133,0
DA:134,0
DA:135,0
DA:136,0
DA:138,0
DA:139,0
DA:140,0
DA:141,0
DA:142,0
DA:143,0
DA:144,0
DA:145,0
DA:146,0
DA:147,0
DA:148,0
DA:150,0
DA:151,0
DA:152,0
DA:153,0
DA:154,0
DA:155,0
DA:156,0
DA:157,0
DA:158,0
DA:159,0
DA:160,0
DA:161,0
DA:162,0
DA:164,0
DA:165,0
DA:166,0
DA:167,0
DA:168,0
LF:150
LH:0
BRDA:1,0,0,0
BRF:1
BRH:0
end_of_record
TN:
SF:src/types.ts
FN:1,(empty-report)
FNF:1
FNH:1
FNDA:1,(empty-report)
LF:0
LH:0
BRDA:1,0,0,1
BRF:1
BRH:1
end_of_record
TN:
SF:src/util/isMain.ts
FN:6,isMain
FNF:1
FNH:1
FNDA:12,isMain
DA:2,1
DA:3,1
DA:6,1
DA:7,12
DA:8,12
DA:9,12
LF:6
LH:6
BRDA:6,0,0,12
BRDA:7,1,0,0
BRF:2
BRH:1
end_of_record
TN:
SF:src/utils/url.ts
FN:1,redactUrl
FNF:1
FNH:1
FNDA:2,redactUrl
DA:1,1
DA:2,2
DA:3,2
DA:4,2
DA:5,2
DA:6,2
DA:7,2
DA:8,2
DA:9,2
DA:10,2
LF:10
LH:10
BRDA:1,0,0,2
BRF:1
BRH:1
end_of_record
